Arguments: 
  C:\Program Files\nodejs\node.exe C:\Program Files\nodejs\node_modules\yarn\bin\yarn.js install

PATH: 
  C:\WINDOWS\system32;C:\WINDOWS;C:\WINDOWS\System32\Wbem;C:\WINDOWS\System32\WindowsPowerShell\v1.0\;C:\WINDOWS\System32\OpenSSH\;C:\Users\HP\AppData\Roaming\nvm;C:\Program Files\nodejs;C:\Program Files (x86)\Intel\Intel(R) Management Engine Components\DAL;C:\Program Files\Intel\Intel(R) Management Engine Components\DAL;C:\Program Files\Git\cmd;C:\ProgramData\chocolatey\bin;C:\MinGW\bin;C:\Users\HP\AppData\Local\Programs\Microsoft VS Code\bin;C:\Users\HP\AppData\Local\Microsoft\WindowsApps;C:\Users\HP\AppData\Local\GitHubDesktop\bin

Yarn version: 
  1.22.19

Node version: 
  16.13.0

Platform: 
  win32 x64

Trace: 
  Error: getaddrinfo ENOTFOUND registry.yarnpkg.com
      at GetAddrInfoReqWrap.onlookup [as oncomplete] (node:dns:71:26)

npm manifest: 
  {
    "name": "my-app",
    "version": "0.1.0",
    "private": true,
    "dependencies": {
      "@testing-library/jest-dom": "^5.16.5",
      "@testing-library/react": "^13.4.0",
      "@testing-library/user-event": "^13.5.0",
      "@types/jest": "^27.5.2",
      "@types/node": "^16.18.11",
      "@types/react": "^18.0.26",
      "@types/react-dom": "^18.0.10",
      "@types/react-toastify": "^4.1.0",
      "axios": "^1.2.2",
      "buffer": "^6.0.3",
      "dotenv": "^16.0.3",
      "emoji-datasource-apple": "^14.0.0",
      "emoji-picker-react": "^4.4.7",
      "react": "^18.2.0",
      "react-avatar-edit": "^1.2.0",
      "react-dom": "^18.2.0",
      "react-icons": "^4.7.1",
      "react-images-uploading": "^3.1.7",
      "react-router-dom": "^6.6.1",
      "react-scripts": "5.0.1",
      "react-toastify": "^9.1.1",
      "react-viewport-list": "^6.3.0",
      "socket.io-client": "^4.5.4",
      "styled-components": "^5.3.6",
      "typescript": "^4.9.4",
      "uuid": "^9.0.0",
      "web-vitals": "^2.1.4"
    },
    "scripts": {
      "start": "react-scripts start",
      "build": "react-scripts build",
      "test": "react-scripts test",
      "eject": "react-scripts eject"
    },
    "eslintConfig": {
      "extends": [
        "react-app",
        "react-app/jest"
      ]
    },
    "browserslist": {
      "production": [
        ">0.2%",
        "not dead",
        "not op_mini all"
      ],
      "development": [
        "last 1 chrome version",
        "last 1 firefox version",
        "last 1 safari version"
      ]
    },
    "devDependencies": {
      "@types/styled-components": "^5.1.26",
      "@types/uuid": "^9.0.0",
      "dotenv-webpack": "^8.0.1"
    }
  }

yarn manifest: 
  No manifest

Lockfile: 
  No lockfile
